<?xml version="1.0" encoding="UTF-8"?>
<coverage generated="1777023362711" clover="3.2.0">
  <project timestamp="1777023362711" name="All files">
    <metrics statements="284" coveredstatements="279" conditionals="69" coveredconditionals="67" methods="58" coveredmethods="57" elements="411" coveredelements="403" complexity="0" loc="284" ncloc="284" packages="3" files="5" classes="5"/>
    <package name="core">
      <metrics statements="114" coveredstatements="110" conditionals="62" coveredconditionals="60" methods="15" coveredmethods="15"/>
      <file name="fixedWindow.ts" path="C:\Users\ASUS\Downloads\RateLimiter\rate-limiter\src\core\fixedWindow.ts">
        <metrics statements="22" coveredstatements="22" conditionals="14" coveredconditionals="13" methods="4" coveredmethods="4"/>
        <line num="30" count="43" type="stmt"/>
        <line num="44" count="1174" type="stmt"/>
        <line num="45" count="1174" type="cond" truecount="1" falsecount="1"/>
        <line num="47" count="1174" type="stmt"/>
        <line num="48" count="1174" type="stmt"/>
        <line num="49" count="1174" type="stmt"/>
        <line num="52" count="1174" type="cond" truecount="4" falsecount="0"/>
        <line num="57" count="1174" type="cond" truecount="2" falsecount="0"/>
        <line num="59" count="48" type="stmt"/>
        <line num="60" count="48" type="cond" truecount="2" falsecount="0"/>
        <line num="61" count="48" type="stmt"/>
        <line num="62" count="48" type="stmt"/>
        <line num="66" count="1126" type="stmt"/>
        <line num="67" count="1126" type="stmt"/>
        <line num="68" count="1126" type="cond" truecount="2" falsecount="0"/>
        <line num="70" count="1174" type="stmt"/>
        <line num="72" count="1174" type="stmt"/>
        <line num="93" count="1174" type="stmt"/>
        <line num="111" count="1174" type="stmt"/>
        <line num="139" count="1174" type="stmt"/>
        <line num="140" count="1174" type="stmt"/>
        <line num="142" count="1174" type="stmt"/>
      </file>
      <file name="slidingWindow.ts" path="C:\Users\ASUS\Downloads\RateLimiter\rate-limiter\src\core\slidingWindow.ts">
        <metrics statements="62" coveredstatements="58" conditionals="34" coveredconditionals="33" methods="7" coveredmethods="7"/>
        <line num="37" count="45" type="stmt"/>
        <line num="60" count="1175" type="stmt"/>
        <line num="61" count="1175" type="stmt"/>
        <line num="64" count="1175" type="cond" truecount="2" falsecount="0"/>
        <line num="65" count="1175" type="stmt"/>
        <line num="69" count="1175" type="stmt"/>
        <line num="70" count="1175" type="cond" truecount="2" falsecount="0"/>
        <line num="71" count="27" type="stmt"/>
        <line num="75" count="1175" type="cond" truecount="2" falsecount="0"/>
        <line num="78" count="1175" type="stmt"/>
        <line num="79" count="1175" type="stmt"/>
        <line num="82" count="1175" type="cond" truecount="2" falsecount="0"/>
        <line num="84" count="1150" type="stmt"/>
        <line num="85" count="1162" type="stmt"/>
        <line num="89" count="1175" type="stmt"/>
        <line num="113" count="1175" type="cond" truecount="2" falsecount="0"/>
        <line num="117" count="1175" type="stmt"/>
        <line num="153" count="1175" type="stmt"/>
        <line num="156" count="1175" type="cond" truecount="2" falsecount="0"/>
        <line num="159" count="1175" type="cond" truecount="2" falsecount="0"/>
        <line num="162" count="25" type="stmt"/>
        <line num="163" count="25" type="stmt"/>
        <line num="164" count="25" type="stmt"/>
        <line num="165" count="25" type="stmt"/>
        <line num="166" count="25" type="stmt"/>
        <line num="169" count="1175" type="stmt"/>
        <line num="180" count="47" type="stmt"/>
        <line num="186" count="1234" type="stmt"/>
        <line num="187" count="1234" type="stmt"/>
        <line num="194" count="1234" type="cond" truecount="4" falsecount="0"/>
        <line num="196" count="40" type="stmt"/>
        <line num="197" count="40" type="stmt"/>
        <line num="199" count="1194" type="stmt"/>
        <line num="201" count="1194" type="cond" truecount="2" falsecount="0"/>
        <line num="204" count="2" type="stmt"/>
        <line num="205" count="2" type="stmt"/>
        <line num="207" count="1192" type="cond" truecount="2" falsecount="0"/>
        <line num="209" count="5" type="stmt"/>
        <line num="210" count="5" type="stmt"/>
        <line num="213" count="1187" type="stmt"/>
        <line num="214" count="1187" type="stmt"/>
        <line num="219" count="1234" type="stmt"/>
        <line num="224" count="1234" type="stmt"/>
        <line num="226" count="1234" type="stmt"/>
        <line num="229" count="1234" type="stmt"/>
        <line num="230" count="1234" type="cond" truecount="2" falsecount="0"/>
        <line num="232" count="1234" type="stmt"/>
        <line num="241" count="1234" type="stmt"/>
        <line num="251" count="1234" type="stmt"/>
        <line num="252" count="1234" type="stmt"/>
        <line num="287" count="1234" type="stmt"/>
        <line num="290" count="1234" type="cond" truecount="2" falsecount="0"/>
        <line num="291" count="1234" type="stmt"/>
        <line num="295" count="1234" type="stmt"/>
        <line num="298" count="1234" type="cond" truecount="2" falsecount="0"/>
        <line num="303" count="22" type="cond" truecount="1" falsecount="1"/>
        <line num="304" count="0" type="stmt"/>
        <line num="307" count="0" type="stmt"/>
        <line num="308" count="0" type="stmt"/>
        <line num="309" count="0" type="stmt"/>
        <line num="313" count="22" type="stmt"/>
        <line num="317" count="1234" type="stmt"/>
      </file>
      <file name="tokenBucket.ts" path="C:\Users\ASUS\Downloads\RateLimiter\rate-limiter\src\core\tokenBucket.ts">
        <metrics statements="30" coveredstatements="30" conditionals="14" coveredconditionals="14" methods="4" coveredmethods="4"/>
        <line num="32" count="45" type="stmt"/>
        <line num="69" count="1179" type="stmt"/>
        <line num="70" count="1179" type="stmt"/>
        <line num="72" count="1179" type="stmt"/>
        <line num="75" count="1179" type="cond" truecount="4" falsecount="0"/>
        <line num="76" count="41" type="stmt"/>
        <line num="77" count="41" type="cond" truecount="2" falsecount="0"/>
        <line num="80" count="41" type="stmt"/>
        <line num="81" count="41" type="stmt"/>
        <line num="85" count="1138" type="stmt"/>
        <line num="86" count="1138" type="stmt"/>
        <line num="88" count="1138" type="stmt"/>
        <line num="89" count="1138" type="stmt"/>
        <line num="95" count="1138" type="stmt"/>
        <line num="96" count="1138" type="cond" truecount="2" falsecount="0"/>
        <line num="99" count="1179" type="stmt"/>
        <line num="101" count="1179" type="stmt"/>
        <line num="107" count="1179" type="stmt"/>
        <line num="133" count="1179" type="stmt"/>
        <line num="136" count="1179" type="cond" truecount="2" falsecount="0"/>
        <line num="137" count="1" type="stmt"/>
        <line num="140" count="1178" type="stmt"/>
        <line num="141" count="1178" type="stmt"/>
        <line num="142" count="1178" type="stmt"/>
        <line num="175" count="1179" type="stmt"/>
        <line num="210" count="1179" type="stmt"/>
        <line num="211" count="1179" type="stmt"/>
        <line num="213" count="1179" type="stmt"/>
        <line num="214" count="1179" type="stmt"/>
        <line num="216" count="1179" type="stmt"/>
      </file>
    </package>
    <package name="tests.shared">
      <metrics statements="161" coveredstatements="161" conditionals="6" coveredconditionals="6" methods="39" coveredmethods="39"/>
      <file name="commonTests.ts" path="C:\Users\ASUS\Downloads\RateLimiter\rate-limiter\src\tests\shared\commonTests.ts">
        <metrics statements="161" coveredstatements="161" conditionals="6" coveredconditionals="6" methods="39" coveredmethods="39"/>
        <line num="5" count="4" type="stmt"/>
        <line num="6" count="4" type="stmt"/>
        <line num="8" count="4" type="stmt"/>
        <line num="14" count="4" type="stmt"/>
        <line num="15" count="144" type="stmt"/>
        <line num="16" count="144" type="stmt"/>
        <line num="19" count="4" type="stmt"/>
        <line num="20" count="144" type="stmt"/>
        <line num="24" count="4" type="cond" truecount="1" falsecount="0"/>
        <line num="25" count="38" type="stmt"/>
        <line num="26" count="190" type="stmt"/>
        <line num="28" count="38" type="stmt"/>
        <line num="31" count="4" type="stmt"/>
        <line num="32" count="4" type="stmt"/>
        <line num="33" count="4" type="stmt"/>
        <line num="35" count="4" type="stmt"/>
        <line num="36" count="20" type="stmt"/>
        <line num="37" count="20" type="stmt"/>
        <line num="38" count="20" type="stmt"/>
        <line num="42" count="4" type="stmt"/>
        <line num="43" count="4" type="stmt"/>
        <line num="44" count="4" type="stmt"/>
        <line num="45" count="4" type="stmt"/>
        <line num="48" count="4" type="stmt"/>
        <line num="49" count="4" type="stmt"/>
        <line num="50" count="4" type="stmt"/>
        <line num="51" count="4" type="stmt"/>
        <line num="54" count="4" type="stmt"/>
        <line num="55" count="4" type="stmt"/>
        <line num="56" count="4" type="stmt"/>
        <line num="57" count="20" type="stmt"/>
        <line num="60" count="4" type="stmt"/>
        <line num="61" count="4" type="stmt"/>
        <line num="64" count="4" type="stmt"/>
        <line num="65" count="4" type="stmt"/>
        <line num="66" count="4" type="stmt"/>
        <line num="67" count="4" type="stmt"/>
        <line num="68" count="4" type="stmt"/>
        <line num="69" count="4" type="stmt"/>
        <line num="73" count="4" type="stmt"/>
        <line num="74" count="4" type="stmt"/>
        <line num="75" count="4" type="stmt"/>
        <line num="76" count="4" type="stmt"/>
        <line num="77" count="20" type="stmt"/>
        <line num="78" count="20" type="stmt"/>
        <line num="79" count="20" type="stmt"/>
        <line num="83" count="4" type="stmt"/>
        <line num="84" count="4" type="stmt"/>
        <line num="87" count="4" type="stmt"/>
        <line num="88" count="20" type="stmt"/>
        <line num="89" count="20" type="stmt"/>
        <line num="90" count="20" type="stmt"/>
        <line num="94" count="4" type="stmt"/>
        <line num="95" count="4" type="stmt"/>
        <line num="96" count="4" type="stmt"/>
        <line num="97" count="12" type="stmt"/>
        <line num="98" count="12" type="stmt"/>
        <line num="99" count="12" type="stmt"/>
        <line num="103" count="4" type="stmt"/>
        <line num="104" count="4" type="stmt"/>
        <line num="105" count="4" type="stmt"/>
        <line num="107" count="4" type="stmt"/>
        <line num="108" count="24" type="stmt"/>
        <line num="111" count="4" type="stmt"/>
        <line num="114" count="4" type="stmt"/>
        <line num="115" count="4" type="stmt"/>
        <line num="116" count="4" type="stmt"/>
        <line num="120" count="4" type="stmt"/>
        <line num="121" count="4" type="stmt"/>
        <line num="122" count="4" type="stmt"/>
        <line num="124" count="4" type="stmt"/>
        <line num="125" count="20" type="stmt"/>
        <line num="126" count="20" type="stmt"/>
        <line num="127" count="20" type="stmt"/>
        <line num="131" count="4" type="stmt"/>
        <line num="132" count="4" type="stmt"/>
        <line num="133" count="4" type="stmt"/>
        <line num="134" count="4" type="stmt"/>
        <line num="135" count="4" type="stmt"/>
        <line num="138" count="4" type="stmt"/>
        <line num="139" count="4" type="stmt"/>
        <line num="142" count="4" type="stmt"/>
        <line num="143" count="4" type="stmt"/>
        <line num="144" count="4" type="stmt"/>
        <line num="145" count="4" type="stmt"/>
        <line num="146" count="4" type="stmt"/>
        <line num="147" count="4" type="stmt"/>
        <line num="150" count="4" type="stmt"/>
        <line num="151" count="4" type="stmt"/>
        <line num="152" count="4" type="stmt"/>
        <line num="153" count="24" type="stmt"/>
        <line num="154" count="24" type="stmt"/>
        <line num="159" count="4" type="stmt"/>
        <line num="160" count="4" type="stmt"/>
        <line num="161" count="4" type="stmt"/>
        <line num="162" count="4" type="stmt"/>
        <line num="163" count="4" type="stmt"/>
        <line num="164" count="12" type="stmt"/>
        <line num="167" count="4" type="stmt"/>
        <line num="170" count="4" type="stmt"/>
        <line num="171" count="4" type="stmt"/>
        <line num="172" count="4" type="stmt"/>
        <line num="175" count="4" type="stmt"/>
        <line num="176" count="4" type="stmt"/>
        <line num="177" count="4" type="stmt"/>
        <line num="181" count="4" type="stmt"/>
        <line num="182" count="4" type="stmt"/>
        <line num="183" count="4" type="stmt"/>
        <line num="186" count="4" type="stmt"/>
        <line num="187" count="4" type="stmt"/>
        <line num="188" count="4" type="stmt"/>
        <line num="189" count="4" type="stmt"/>
        <line num="190" count="4" type="stmt"/>
        <line num="193" count="4" type="stmt"/>
        <line num="194" count="4" type="stmt"/>
        <line num="195" count="4" type="stmt"/>
        <line num="196" count="20" type="stmt"/>
        <line num="197" count="20" type="stmt"/>
        <line num="198" count="20" type="stmt"/>
        <line num="199" count="20" type="stmt"/>
        <line num="203" count="4" type="stmt"/>
        <line num="204" count="4" type="stmt"/>
        <line num="205" count="4" type="stmt"/>
        <line num="206" count="4" type="stmt"/>
        <line num="207" count="4" type="stmt"/>
        <line num="210" count="4" type="stmt"/>
        <line num="211" count="4" type="stmt"/>
        <line num="212" count="4" type="stmt"/>
        <line num="213" count="4" type="stmt"/>
        <line num="217" count="4" type="stmt"/>
        <line num="218" count="4" type="stmt"/>
        <line num="219" count="4" type="cond" truecount="2" falsecount="0"/>
        <line num="220" count="1" type="stmt"/>
        <line num="223" count="3" type="stmt"/>
        <line num="224" count="3" type="stmt"/>
        <line num="225" count="3" type="stmt"/>
        <line num="226" count="3" type="stmt"/>
        <line num="229" count="4" type="stmt"/>
        <line num="230" count="4" type="stmt"/>
        <line num="231" count="4" type="stmt"/>
        <line num="232" count="4" type="stmt"/>
        <line num="233" count="4" type="stmt"/>
        <line num="234" count="4" type="stmt"/>
        <line num="235" count="4" type="stmt"/>
        <line num="238" count="4" type="stmt"/>
        <line num="239" count="4" type="cond" truecount="2" falsecount="0"/>
        <line num="240" count="1" type="stmt"/>
        <line num="243" count="3" type="stmt"/>
        <line num="244" count="3" type="stmt"/>
        <line num="245" count="9" type="stmt"/>
        <line num="246" count="9" type="stmt"/>
        <line num="247" count="9" type="stmt"/>
        <line num="248" count="9" type="stmt"/>
        <line num="253" count="4" type="stmt"/>
        <line num="254" count="4" type="stmt"/>
        <line num="255" count="4" type="stmt"/>
        <line num="256" count="4" type="stmt"/>
        <line num="257" count="4" type="stmt"/>
        <line num="259" count="4" type="stmt"/>
        <line num="260" count="4000" type="stmt"/>
        <line num="263" count="4" type="stmt"/>
      </file>
    </package>
    <package name="tests.utils">
      <metrics statements="9" coveredstatements="8" conditionals="1" coveredconditionals="1" methods="4" coveredmethods="3"/>
      <file name="mockTime.ts" path="C:\Users\ASUS\Downloads\RateLimiter\rate-limiter\src\tests\utils\mockTime.ts">
        <metrics statements="9" coveredstatements="8" conditionals="1" coveredconditionals="1" methods="4" coveredmethods="3"/>
        <line num="3" count="4" type="cond" truecount="1" falsecount="0"/>
        <line num="4" count="181" type="stmt"/>
        <line num="5" count="181" type="stmt"/>
        <line num="8" count="4" type="stmt"/>
        <line num="9" count="59" type="stmt"/>
        <line num="12" count="4" type="stmt"/>
        <line num="13" count="0" type="stmt"/>
        <line num="16" count="4" type="stmt"/>
        <line num="17" count="180" type="stmt"/>
      </file>
    </package>
  </project>
</coverage>
