{"C:\\Users\\ASUS\\Downloads\\RateLimiter\\rate-limiter\\src\\core\\fixedWindow.ts": {"path":"C:\\Users\\ASUS\\Downloads\\RateLimiter\\rate-limiter\\src\\core\\fixedWindow.ts","statementMap":{"0":{"start":{"line":30,"column":27},"end":{"line":30,"column":null}},"1":{"start":{"line":44,"column":20},"end":{"line":44,"column":30}},"2":{"start":{"line":45,"column":23},"end":{"line":45,"column":54}},"3":{"start":{"line":47,"column":35},"end":{"line":47,"column":82}},"4":{"start":{"line":48,"column":26},"end":{"line":48,"column":null}},"5":{"start":{"line":49,"column":20},"end":{"line":49,"column":48}},"6":{"start":{"line":52,"column":28},"end":{"line":55,"column":null}},"7":{"start":{"line":57,"column":8},"end":{"line":62,"column":null}},"8":{"start":{"line":59,"column":28},"end":{"line":59,"column":null}},"9":{"start":{"line":60,"column":26},"end":{"line":60,"column":null}},"10":{"start":{"line":61,"column":29},"end":{"line":61,"column":76}},"11":{"start":{"line":62,"column":12},"end":{"line":62,"column":null}},"12":{"start":{"line":66,"column":26},"end":{"line":66,"column":null}},"13":{"start":{"line":67,"column":24},"end":{"line":67,"column":null}},"14":{"start":{"line":68,"column":25},"end":{"line":68,"column":null}},"15":{"start":{"line":70,"column":25},"end":{"line":70,"column":75}},"16":{"start":{"line":72,"column":8},"end":{"line":81,"column":null}},"17":{"start":{"line":93,"column":8},"end":{"line":93,"column":null}},"18":{"start":{"line":111,"column":8},"end":{"line":118,"column":null}},"19":{"start":{"line":139,"column":26},"end":{"line":139,"column":59}},"20":{"start":{"line":140,"column":29},"end":{"line":140,"column":57}},"21":{"start":{"line":142,"column":8},"end":{"line":148,"column":null}}},"fnMap":{"0":{"name":"(anonymous_0)","decl":{"start":{"line":39,"column":4},"end":{"line":39,"column":11}},"loc":{"start":{"line":42,"column":61},"end":{"line":81,"column":null}},"line":42},"1":{"name":"(anonymous_1)","decl":{"start":{"line":92,"column":4},"end":{"line":92,"column":12}},"loc":{"start":{"line":92,"column":72},"end":{"line":93,"column":null}},"line":92},"2":{"name":"(anonymous_2)","decl":{"start":{"line":106,"column":4},"end":{"line":106,"column":12}},"loc":{"start":{"line":110,"column":22},"end":{"line":118,"column":null}},"line":110},"3":{"name":"(anonymous_3)","decl":{"start":{"line":132,"column":4},"end":{"line":132,"column":12}},"loc":{"start":{"line":138,"column":23},"end":{"line":148,"column":null}},"line":138}},"branchMap":{"0":{"loc":{"start":{"line":45,"column":35},"end":{"line":45,"column":54}},"type":"binary-expr","locations":[{"start":{"line":45,"column":35},"end":{"line":45,"column":52}},{"start":{"line":45,"column":52},"end":{"line":45,"column":54}}],"line":45},"1":{"loc":{"start":{"line":52,"column":28},"end":{"line":55,"column":null}},"type":"binary-expr","locations":[{"start":{"line":52,"column":28},"end":{"line":52,"column":null}},{"start":{"line":53,"column":12},"end":{"line":53,"column":null}},{"start":{"line":54,"column":12},"end":{"line":54,"column":null}},{"start":{"line":55,"column":12},"end":{"line":55,"column":null}}],"line":52},"2":{"loc":{"start":{"line":57,"column":8},"end":{"line":62,"column":null}},"type":"if","locations":[{"start":{"line":57,"column":8},"end":{"line":62,"column":null}},{"start":{},"end":{}}],"line":57},"3":{"loc":{"start":{"line":60,"column":26},"end":{"line":60,"column":null}},"type":"cond-expr","locations":[{"start":{"line":60,"column":36},"end":{"line":60,"column":45}},{"start":{"line":60,"column":45},"end":{"line":60,"column":null}}],"line":60},"4":{"loc":{"start":{"line":68,"column":25},"end":{"line":68,"column":null}},"type":"cond-expr","locations":[{"start":{"line":68,"column":35},"end":{"line":68,"column":56}},{"start":{"line":68,"column":56},"end":{"line":68,"column":null}}],"line":68},"5":{"loc":{"start":{"line":147,"column":16},"end":{"line":147,"column":null}},"type":"cond-expr","locations":[{"start":{"line":147,"column":26},"end":{"line":147,"column":28}},{"start":{"line":147,"column":31},"end":{"line":147,"column":null}}],"line":147}},"s":{"0":43,"1":1174,"2":1174,"3":1174,"4":1174,"5":1174,"6":1174,"7":1174,"8":48,"9":48,"10":48,"11":48,"12":1126,"13":1126,"14":1126,"15":1174,"16":1174,"17":1174,"18":1174,"19":1174,"20":1174,"21":1174},"f":{"0":1174,"1":1174,"2":1174,"3":1174},"b":{"0":[1174,0],"1":[1174,1133,1133,1126],"2":[48,1126],"3":[47,1],"4":[1100,26],"5":[1147,27]},"meta":{"lastBranch":6,"lastFunction":4,"lastStatement":22,"seen":{"s:30:27:30:Infinity":0,"f:39:4:39:11":0,"s:44:20:44:30":1,"s:45:23:45:54":2,"b:45:35:45:52:45:52:45:54":0,"s:47:35:47:82":3,"s:48:26:48:Infinity":4,"s:49:20:49:48":5,"s:52:28:55:Infinity":6,"b:52:28:52:Infinity:53:12:53:Infinity:54:12:54:Infinity:55:12:55:Infinity":1,"b:57:8:62:Infinity:undefined:undefined:undefined:undefined":2,"s:57:8:62:Infinity":7,"s:59:28:59:Infinity":8,"s:60:26:60:Infinity":9,"b:60:36:60:45:60:45:60:Infinity":3,"s:61:29:61:76":10,"s:62:12:62:Infinity":11,"s:66:26:66:Infinity":12,"s:67:24:67:Infinity":13,"s:68:25:68:Infinity":14,"b:68:35:68:56:68:56:68:Infinity":4,"s:70:25:70:75":15,"s:72:8:81:Infinity":16,"f:92:4:92:12":1,"s:93:8:93:Infinity":17,"f:106:4:106:12":2,"s:111:8:118:Infinity":18,"f:132:4:132:12":3,"s:139:26:139:59":19,"s:140:29:140:57":20,"s:142:8:148:Infinity":21,"b:147:26:147:28:147:31:147:Infinity":5}}}
,"C:\\Users\\ASUS\\Downloads\\RateLimiter\\rate-limiter\\src\\core\\slidingWindow.ts": {"path":"C:\\Users\\ASUS\\Downloads\\RateLimiter\\rate-limiter\\src\\core\\slidingWindow.ts","statementMap":{"0":{"start":{"line":37,"column":27},"end":{"line":37,"column":null}},"1":{"start":{"line":60,"column":20},"end":{"line":60,"column":30}},"2":{"start":{"line":61,"column":28},"end":{"line":61,"column":null}},"3":{"start":{"line":64,"column":20},"end":{"line":64,"column":78}},"4":{"start":{"line":65,"column":18},"end":{"line":65,"column":null}},"5":{"start":{"line":69,"column":25},"end":{"line":69,"column":null}},"6":{"start":{"line":70,"column":8},"end":{"line":71,"column":null}},"7":{"start":{"line":71,"column":12},"end":{"line":71,"column":null}},"8":{"start":{"line":75,"column":27},"end":{"line":75,"column":76}},"9":{"start":{"line":78,"column":29},"end":{"line":78,"column":null}},"10":{"start":{"line":79,"column":24},"end":{"line":79,"column":null}},"11":{"start":{"line":82,"column":8},"end":{"line":85,"column":null}},"12":{"start":{"line":84,"column":12},"end":{"line":85,"column":null}},"13":{"start":{"line":84,"column":24},"end":{"line":84,"column":27}},"14":{"start":{"line":85,"column":16},"end":{"line":85,"column":null}},"15":{"start":{"line":89,"column":8},"end":{"line":92,"column":null}},"16":{"start":{"line":113,"column":20},"end":{"line":115,"column":null}},"17":{"start":{"line":117,"column":8},"end":{"line":123,"column":null}},"18":{"start":{"line":153,"column":26},"end":{"line":153,"column":71}},"19":{"start":{"line":156,"column":26},"end":{"line":156,"column":null}},"20":{"start":{"line":159,"column":8},"end":{"line":166,"column":null}},"21":{"start":{"line":162,"column":28},"end":{"line":162,"column":null}},"22":{"start":{"line":163,"column":33},"end":{"line":163,"column":76}},"23":{"start":{"line":164,"column":30},"end":{"line":164,"column":null}},"24":{"start":{"line":165,"column":35},"end":{"line":165,"column":83}},"25":{"start":{"line":166,"column":12},"end":{"line":166,"column":null}},"26":{"start":{"line":169,"column":8},"end":{"line":175,"column":null}},"27":{"start":{"line":180,"column":27},"end":{"line":180,"column":null}},"28":{"start":{"line":186,"column":20},"end":{"line":186,"column":30}},"29":{"start":{"line":187,"column":28},"end":{"line":187,"column":75}},"30":{"start":{"line":194,"column":8},"end":{"line":214,"column":null}},"31":{"start":{"line":196,"column":12},"end":{"line":196,"column":null}},"32":{"start":{"line":197,"column":12},"end":{"line":197,"column":null}},"33":{"start":{"line":199,"column":22},"end":{"line":199,"column":null}},"34":{"start":{"line":201,"column":12},"end":{"line":214,"column":null}},"35":{"start":{"line":204,"column":16},"end":{"line":204,"column":null}},"36":{"start":{"line":205,"column":16},"end":{"line":205,"column":null}},"37":{"start":{"line":207,"column":22},"end":{"line":214,"column":null}},"38":{"start":{"line":209,"column":16},"end":{"line":209,"column":null}},"39":{"start":{"line":210,"column":16},"end":{"line":210,"column":null}},"40":{"start":{"line":213,"column":16},"end":{"line":213,"column":null}},"41":{"start":{"line":214,"column":16},"end":{"line":214,"column":null}},"42":{"start":{"line":219,"column":24},"end":{"line":219,"column":null}},"43":{"start":{"line":224,"column":14},"end":{"line":224,"column":null}},"44":{"start":{"line":226,"column":32},"end":{"line":226,"column":null}},"45":{"start":{"line":229,"column":24},"end":{"line":229,"column":null}},"46":{"start":{"line":230,"column":32},"end":{"line":230,"column":null}},"47":{"start":{"line":232,"column":8},"end":{"line":237,"column":null}},"48":{"start":{"line":241,"column":8},"end":{"line":241,"column":null}},"49":{"start":{"line":251,"column":26},"end":{"line":251,"column":null}},"50":{"start":{"line":252,"column":8},"end":{"line":256,"column":null}},"51":{"start":{"line":287,"column":26},"end":{"line":287,"column":null}},"52":{"start":{"line":290,"column":30},"end":{"line":290,"column":null}},"53":{"start":{"line":291,"column":26},"end":{"line":291,"column":77}},"54":{"start":{"line":295,"column":26},"end":{"line":295,"column":null}},"55":{"start":{"line":298,"column":8},"end":{"line":313,"column":null}},"56":{"start":{"line":303,"column":12},"end":{"line":313,"column":null}},"57":{"start":{"line":304,"column":22},"end":{"line":304,"column":null}},"58":{"start":{"line":307,"column":35},"end":{"line":307,"column":null}},"59":{"start":{"line":308,"column":39},"end":{"line":308,"column":84}},"60":{"start":{"line":309,"column":16},"end":{"line":309,"column":null}},"61":{"start":{"line":313,"column":16},"end":{"line":313,"column":null}},"62":{"start":{"line":317,"column":8},"end":{"line":323,"column":null}}},"fnMap":{"0":{"name":"(anonymous_0)","decl":{"start":{"line":56,"column":4},"end":{"line":56,"column":11}},"loc":{"start":{"line":59,"column":62},"end":{"line":92,"column":null}},"line":59},"1":{"name":"(anonymous_1)","decl":{"start":{"line":110,"column":4},"end":{"line":110,"column":12}},"loc":{"start":{"line":110,"column":99},"end":{"line":123,"column":null}},"line":110},"2":{"name":"(anonymous_2)","decl":{"start":{"line":146,"column":4},"end":{"line":146,"column":12}},"loc":{"start":{"line":152,"column":27},"end":{"line":175,"column":null}},"line":152},"3":{"name":"(anonymous_3)","decl":{"start":{"line":182,"column":4},"end":{"line":182,"column":11}},"loc":{"start":{"line":185,"column":62},"end":{"line":237,"column":null}},"line":185},"4":{"name":"(anonymous_4)","decl":{"start":{"line":240,"column":4},"end":{"line":240,"column":12}},"loc":{"start":{"line":240,"column":72},"end":{"line":241,"column":null}},"line":240},"5":{"name":"(anonymous_5)","decl":{"start":{"line":244,"column":4},"end":{"line":244,"column":12}},"loc":{"start":{"line":250,"column":22},"end":{"line":256,"column":null}},"line":250},"6":{"name":"(anonymous_6)","decl":{"start":{"line":277,"column":4},"end":{"line":277,"column":12}},"loc":{"start":{"line":286,"column":23},"end":{"line":323,"column":null}},"line":286}},"branchMap":{"0":{"loc":{"start":{"line":64,"column":20},"end":{"line":64,"column":78}},"type":"cond-expr","locations":[{"start":{"line":64,"column":52},"end":{"line":64,"column":76}},{"start":{"line":64,"column":76},"end":{"line":64,"column":78}}],"line":64},"1":{"loc":{"start":{"line":70,"column":14},"end":{"line":70,"column":64}},"type":"binary-expr","locations":[{"start":{"line":70,"column":14},"end":{"line":70,"column":32}},{"start":{"line":70,"column":32},"end":{"line":70,"column":64}}],"line":70},"2":{"loc":{"start":{"line":75,"column":27},"end":{"line":75,"column":76}},"type":"cond-expr","locations":[{"start":{"line":75,"column":44},"end":{"line":75,"column":65}},{"start":{"line":75,"column":68},"end":{"line":75,"column":76}}],"line":75},"3":{"loc":{"start":{"line":82,"column":8},"end":{"line":85,"column":null}},"type":"if","locations":[{"start":{"line":82,"column":8},"end":{"line":85,"column":null}},{"start":{},"end":{}}],"line":82},"4":{"loc":{"start":{"line":113,"column":20},"end":{"line":115,"column":null}},"type":"cond-expr","locations":[{"start":{"line":114,"column":14},"end":{"line":114,"column":87}},{"start":{"line":115,"column":14},"end":{"line":115,"column":null}}],"line":113},"5":{"loc":{"start":{"line":156,"column":26},"end":{"line":156,"column":null}},"type":"cond-expr","locations":[{"start":{"line":156,"column":50},"end":{"line":156,"column":85}},{"start":{"line":156,"column":85},"end":{"line":156,"column":null}}],"line":156},"6":{"loc":{"start":{"line":159,"column":8},"end":{"line":166,"column":null}},"type":"if","locations":[{"start":{"line":159,"column":8},"end":{"line":166,"column":null}},{"start":{},"end":{}}],"line":159},"7":{"loc":{"start":{"line":174,"column":16},"end":{"line":174,"column":null}},"type":"cond-expr","locations":[{"start":{"line":174,"column":43},"end":{"line":174,"column":57}},{"start":{"line":174,"column":60},"end":{"line":174,"column":null}}],"line":174},"8":{"loc":{"start":{"line":194,"column":8},"end":{"line":214,"column":null}},"type":"if","locations":[{"start":{"line":194,"column":8},"end":{"line":214,"column":null}},{"start":{"line":198,"column":15},"end":{"line":214,"column":null}}],"line":194},"9":{"loc":{"start":{"line":194,"column":11},"end":{"line":194,"column":53}},"type":"binary-expr","locations":[{"start":{"line":194,"column":11},"end":{"line":194,"column":21}},{"start":{"line":194,"column":21},"end":{"line":194,"column":53}}],"line":194},"10":{"loc":{"start":{"line":201,"column":12},"end":{"line":214,"column":null}},"type":"if","locations":[{"start":{"line":201,"column":12},"end":{"line":214,"column":null}},{"start":{"line":207,"column":22},"end":{"line":214,"column":null}}],"line":201},"11":{"loc":{"start":{"line":207,"column":22},"end":{"line":214,"column":null}},"type":"if","locations":[{"start":{"line":207,"column":22},"end":{"line":214,"column":null}},{"start":{"line":211,"column":19},"end":{"line":214,"column":null}}],"line":207},"12":{"loc":{"start":{"line":230,"column":32},"end":{"line":230,"column":null}},"type":"cond-expr","locations":[{"start":{"line":230,"column":42},"end":{"line":230,"column":73}},{"start":{"line":230,"column":73},"end":{"line":230,"column":null}}],"line":230},"13":{"loc":{"start":{"line":290,"column":30},"end":{"line":290,"column":null}},"type":"cond-expr","locations":[{"start":{"line":290,"column":40},"end":{"line":290,"column":73}},{"start":{"line":290,"column":73},"end":{"line":290,"column":null}}],"line":290},"14":{"loc":{"start":{"line":298,"column":8},"end":{"line":313,"column":null}},"type":"if","locations":[{"start":{"line":298,"column":8},"end":{"line":313,"column":null}},{"start":{},"end":{}}],"line":298},"15":{"loc":{"start":{"line":303,"column":12},"end":{"line":313,"column":null}},"type":"if","locations":[{"start":{"line":303,"column":12},"end":{"line":313,"column":null}},{"start":{"line":310,"column":19},"end":{"line":313,"column":null}}],"line":303},"16":{"loc":{"start":{"line":322,"column":16},"end":{"line":322,"column":null}},"type":"cond-expr","locations":[{"start":{"line":322,"column":43},"end":{"line":322,"column":57}},{"start":{"line":322,"column":60},"end":{"line":322,"column":null}}],"line":322}},"s":{"0":45,"1":1175,"2":1175,"3":1175,"4":1175,"5":1175,"6":1175,"7":27,"8":1175,"9":1175,"10":1175,"11":1175,"12":1150,"13":1150,"14":1162,"15":1175,"16":1175,"17":1175,"18":1175,"19":1175,"20":1175,"21":25,"22":25,"23":25,"24":25,"25":25,"26":1175,"27":47,"28":1234,"29":1234,"30":1234,"31":40,"32":40,"33":1194,"34":1194,"35":2,"36":2,"37":1192,"38":5,"39":5,"40":1187,"41":1187,"42":1234,"43":1234,"44":1234,"45":1234,"46":1234,"47":1234,"48":1234,"49":1234,"50":1234,"51":1234,"52":1234,"53":1234,"54":1234,"55":1234,"56":22,"57":0,"58":0,"59":0,"60":0,"61":22,"62":1234},"f":{"0":1175,"1":1175,"2":1175,"3":1234,"4":1234,"5":1234,"6":1234},"b":{"0":[1134,41],"1":[1175,1155],"2":[10,1165],"3":[1150,25],"4":[1174,1],"5":[1174,1],"6":[25,1150],"7":[25,1150],"8":[40,1194],"9":[1234,1194],"10":[2,1192],"11":[5,1187],"12":[1212,22],"13":[1212,22],"14":[22,1212],"15":[0,22],"16":[22,1212]},"meta":{"lastBranch":17,"lastFunction":7,"lastStatement":63,"seen":{"s:37:27:37:Infinity":0,"f:56:4:56:11":0,"s:60:20:60:30":1,"s:61:28:61:Infinity":2,"s:64:20:64:78":3,"b:64:52:64:76:64:76:64:78":0,"s:65:18:65:Infinity":4,"s:69:25:69:Infinity":5,"s:70:8:71:Infinity":6,"b:70:14:70:32:70:32:70:64":1,"s:71:12:71:Infinity":7,"s:75:27:75:76":8,"b:75:44:75:65:75:68:75:76":2,"s:78:29:78:Infinity":9,"s:79:24:79:Infinity":10,"b:82:8:85:Infinity:undefined:undefined:undefined:undefined":3,"s:82:8:85:Infinity":11,"s:84:12:85:Infinity":12,"s:84:24:84:27":13,"s:85:16:85:Infinity":14,"s:89:8:92:Infinity":15,"f:110:4:110:12":1,"s:113:20:115:Infinity":16,"b:114:14:114:87:115:14:115:Infinity":4,"s:117:8:123:Infinity":17,"f:146:4:146:12":2,"s:153:26:153:71":18,"s:156:26:156:Infinity":19,"b:156:50:156:85:156:85:156:Infinity":5,"b:159:8:166:Infinity:undefined:undefined:undefined:undefined":6,"s:159:8:166:Infinity":20,"s:162:28:162:Infinity":21,"s:163:33:163:76":22,"s:164:30:164:Infinity":23,"s:165:35:165:83":24,"s:166:12:166:Infinity":25,"s:169:8:175:Infinity":26,"b:174:43:174:57:174:60:174:Infinity":7,"s:180:27:180:Infinity":27,"f:182:4:182:11":3,"s:186:20:186:30":28,"s:187:28:187:75":29,"b:194:8:214:Infinity:198:15:214:Infinity":8,"s:194:8:214:Infinity":30,"b:194:11:194:21:194:21:194:53":9,"s:196:12:196:Infinity":31,"s:197:12:197:Infinity":32,"s:199:22:199:Infinity":33,"b:201:12:214:Infinity:207:22:214:Infinity":10,"s:201:12:214:Infinity":34,"s:204:16:204:Infinity":35,"s:205:16:205:Infinity":36,"b:207:22:214:Infinity:211:19:214:Infinity":11,"s:207:22:214:Infinity":37,"s:209:16:209:Infinity":38,"s:210:16:210:Infinity":39,"s:213:16:213:Infinity":40,"s:214:16:214:Infinity":41,"s:219:24:219:Infinity":42,"s:224:14:224:Infinity":43,"s:226:32:226:Infinity":44,"s:229:24:229:Infinity":45,"s:230:32:230:Infinity":46,"b:230:42:230:73:230:73:230:Infinity":12,"s:232:8:237:Infinity":47,"f:240:4:240:12":4,"s:241:8:241:Infinity":48,"f:244:4:244:12":5,"s:251:26:251:Infinity":49,"s:252:8:256:Infinity":50,"f:277:4:277:12":6,"s:287:26:287:Infinity":51,"s:290:30:290:Infinity":52,"b:290:40:290:73:290:73:290:Infinity":13,"s:291:26:291:77":53,"s:295:26:295:Infinity":54,"b:298:8:313:Infinity:undefined:undefined:undefined:undefined":14,"s:298:8:313:Infinity":55,"b:303:12:313:Infinity:310:19:313:Infinity":15,"s:303:12:313:Infinity":56,"s:304:22:304:Infinity":57,"s:307:35:307:Infinity":58,"s:308:39:308:84":59,"s:309:16:309:Infinity":60,"s:313:16:313:Infinity":61,"s:317:8:323:Infinity":62,"b:322:43:322:57:322:60:322:Infinity":16}}}
,"C:\\Users\\ASUS\\Downloads\\RateLimiter\\rate-limiter\\src\\core\\tokenBucket.ts": {"path":"C:\\Users\\ASUS\\Downloads\\RateLimiter\\rate-limiter\\src\\core\\tokenBucket.ts","statementMap":{"0":{"start":{"line":32,"column":27},"end":{"line":32,"column":null}},"1":{"start":{"line":69,"column":20},"end":{"line":69,"column":30}},"2":{"start":{"line":70,"column":26},"end":{"line":70,"column":null}},"3":{"start":{"line":72,"column":27},"end":{"line":72,"column":null}},"4":{"start":{"line":75,"column":8},"end":{"line":81,"column":null}},"5":{"start":{"line":76,"column":28},"end":{"line":76,"column":null}},"6":{"start":{"line":77,"column":34},"end":{"line":79,"column":null}},"7":{"start":{"line":80,"column":29},"end":{"line":80,"column":72}},"8":{"start":{"line":81,"column":12},"end":{"line":81,"column":null}},"9":{"start":{"line":85,"column":27},"end":{"line":85,"column":null}},"10":{"start":{"line":86,"column":22},"end":{"line":86,"column":62}},"11":{"start":{"line":88,"column":28},"end":{"line":88,"column":null}},"12":{"start":{"line":89,"column":25},"end":{"line":91,"column":null}},"13":{"start":{"line":95,"column":24},"end":{"line":95,"column":null}},"14":{"start":{"line":96,"column":28},"end":{"line":98,"column":null}},"15":{"start":{"line":99,"column":26},"end":{"line":99,"column":null}},"16":{"start":{"line":101,"column":25},"end":{"line":104,"column":null}},"17":{"start":{"line":107,"column":8},"end":{"line":107,"column":null}},"18":{"start":{"line":133,"column":30},"end":{"line":133,"column":null}},"19":{"start":{"line":136,"column":8},"end":{"line":137,"column":null}},"20":{"start":{"line":137,"column":12},"end":{"line":137,"column":null}},"21":{"start":{"line":140,"column":27},"end":{"line":140,"column":null}},"22":{"start":{"line":141,"column":20},"end":{"line":141,"column":54}},"23":{"start":{"line":142,"column":8},"end":{"line":142,"column":null}},"24":{"start":{"line":175,"column":8},"end":{"line":179,"column":null}},"25":{"start":{"line":210,"column":29},"end":{"line":210,"column":null}},"26":{"start":{"line":211,"column":29},"end":{"line":211,"column":null}},"27":{"start":{"line":213,"column":28},"end":{"line":213,"column":63}},"28":{"start":{"line":214,"column":35},"end":{"line":214,"column":null}},"29":{"start":{"line":216,"column":8},"end":{"line":222,"column":null}}},"fnMap":{"0":{"name":"(anonymous_0)","decl":{"start":{"line":64,"column":4},"end":{"line":64,"column":11}},"loc":{"start":{"line":67,"column":62},"end":{"line":107,"column":null}},"line":67},"1":{"name":"(anonymous_1)","decl":{"start":{"line":132,"column":4},"end":{"line":132,"column":12}},"loc":{"start":{"line":132,"column":79},"end":{"line":142,"column":null}},"line":132},"2":{"name":"(anonymous_2)","decl":{"start":{"line":174,"column":4},"end":{"line":174,"column":12}},"loc":{"start":{"line":174,"column":100},"end":{"line":179,"column":null}},"line":174},"3":{"name":"(anonymous_3)","decl":{"start":{"line":203,"column":4},"end":{"line":203,"column":12}},"loc":{"start":{"line":209,"column":23},"end":{"line":222,"column":null}},"line":209}},"branchMap":{"0":{"loc":{"start":{"line":75,"column":8},"end":{"line":81,"column":null}},"type":"if","locations":[{"start":{"line":75,"column":8},"end":{"line":81,"column":null}},{"start":{},"end":{}}],"line":75},"1":{"loc":{"start":{"line":75,"column":11},"end":{"line":75,"column":45}},"type":"binary-expr","locations":[{"start":{"line":75,"column":11},"end":{"line":75,"column":21}},{"start":{"line":75,"column":21},"end":{"line":75,"column":45}}],"line":75},"2":{"loc":{"start":{"line":77,"column":34},"end":{"line":79,"column":null}},"type":"cond-expr","locations":[{"start":{"line":78,"column":18},"end":{"line":78,"column":null}},{"start":{"line":79,"column":18},"end":{"line":79,"column":null}}],"line":77},"3":{"loc":{"start":{"line":96,"column":28},"end":{"line":98,"column":null}},"type":"cond-expr","locations":[{"start":{"line":97,"column":14},"end":{"line":97,"column":null}},{"start":{"line":98,"column":14},"end":{"line":98,"column":null}}],"line":96},"4":{"loc":{"start":{"line":103,"column":12},"end":{"line":103,"column":null}},"type":"cond-expr","locations":[{"start":{"line":103,"column":24},"end":{"line":103,"column":30}},{"start":{"line":103,"column":30},"end":{"line":103,"column":null}}],"line":103},"5":{"loc":{"start":{"line":136,"column":8},"end":{"line":137,"column":null}},"type":"if","locations":[{"start":{"line":136,"column":8},"end":{"line":137,"column":null}},{"start":{},"end":{}}],"line":136},"6":{"loc":{"start":{"line":221,"column":16},"end":{"line":221,"column":null}},"type":"cond-expr","locations":[{"start":{"line":221,"column":26},"end":{"line":221,"column":28}},{"start":{"line":221,"column":31},"end":{"line":221,"column":null}}],"line":221}},"s":{"0":45,"1":1179,"2":1179,"3":1179,"4":1179,"5":41,"6":41,"7":41,"8":41,"9":1138,"10":1138,"11":1138,"12":1138,"13":1138,"14":1138,"15":1179,"16":1179,"17":1179,"18":1179,"19":1179,"20":1,"21":1178,"22":1178,"23":1178,"24":1179,"25":1179,"26":1179,"27":1179,"28":1179,"29":1179},"f":{"0":1179,"1":1179,"2":1179,"3":1179},"b":{"0":[41,1138],"1":[1179,1138],"2":[40,1],"3":[1108,30],"4":[11,1127],"5":[1,1178],"6":[1148,31]},"meta":{"lastBranch":7,"lastFunction":4,"lastStatement":30,"seen":{"s:32:27:32:Infinity":0,"f:64:4:64:11":0,"s:69:20:69:30":1,"s:70:26:70:Infinity":2,"s:72:27:72:Infinity":3,"b:75:8:81:Infinity:undefined:undefined:undefined:undefined":0,"s:75:8:81:Infinity":4,"b:75:11:75:21:75:21:75:45":1,"s:76:28:76:Infinity":5,"s:77:34:79:Infinity":6,"b:78:18:78:Infinity:79:18:79:Infinity":2,"s:80:29:80:72":7,"s:81:12:81:Infinity":8,"s:85:27:85:Infinity":9,"s:86:22:86:62":10,"s:88:28:88:Infinity":11,"s:89:25:91:Infinity":12,"s:95:24:95:Infinity":13,"s:96:28:98:Infinity":14,"b:97:14:97:Infinity:98:14:98:Infinity":3,"s:99:26:99:Infinity":15,"s:101:25:104:Infinity":16,"b:103:24:103:30:103:30:103:Infinity":4,"s:107:8:107:Infinity":17,"f:132:4:132:12":1,"s:133:30:133:Infinity":18,"b:136:8:137:Infinity:undefined:undefined:undefined:undefined":5,"s:136:8:137:Infinity":19,"s:137:12:137:Infinity":20,"s:140:27:140:Infinity":21,"s:141:20:141:54":22,"s:142:8:142:Infinity":23,"f:174:4:174:12":2,"s:175:8:179:Infinity":24,"f:203:4:203:12":3,"s:210:29:210:Infinity":25,"s:211:29:211:Infinity":26,"s:213:28:213:63":27,"s:214:35:214:Infinity":28,"s:216:8:222:Infinity":29,"b:221:26:221:28:221:31:221:Infinity":6}}}
,"C:\\Users\\ASUS\\Downloads\\RateLimiter\\rate-limiter\\src\\tests\\shared\\commonTests.ts": {"path":"C:\\Users\\ASUS\\Downloads\\RateLimiter\\rate-limiter\\src\\tests\\shared\\commonTests.ts","statementMap":{"0":{"start":{"line":5,"column":18},"end":{"line":5,"column":null}},"1":{"start":{"line":6,"column":20},"end":{"line":6,"column":null}},"2":{"start":{"line":8,"column":13},"end":{"line":265,"column":null}},"3":{"start":{"line":14,"column":4},"end":{"line":17,"column":null}},"4":{"start":{"line":15,"column":8},"end":{"line":15,"column":null}},"5":{"start":{"line":16,"column":8},"end":{"line":16,"column":null}},"6":{"start":{"line":19,"column":4},"end":{"line":21,"column":null}},"7":{"start":{"line":20,"column":8},"end":{"line":20,"column":null}},"8":{"start":{"line":24,"column":10},"end":{"line":28,"column":null}},"9":{"start":{"line":25,"column":8},"end":{"line":26,"column":null}},"10":{"start":{"line":25,"column":20},"end":{"line":25,"column":23}},"11":{"start":{"line":26,"column":12},"end":{"line":26,"column":null}},"12":{"start":{"line":28,"column":8},"end":{"line":28,"column":null}},"13":{"start":{"line":31,"column":4},"end":{"line":71,"column":null}},"14":{"start":{"line":32,"column":8},"end":{"line":40,"column":null}},"15":{"start":{"line":33,"column":24},"end":{"line":33,"column":null}},"16":{"start":{"line":35,"column":12},"end":{"line":38,"column":null}},"17":{"start":{"line":35,"column":24},"end":{"line":35,"column":27}},"18":{"start":{"line":36,"column":28},"end":{"line":36,"column":60}},"19":{"start":{"line":37,"column":16},"end":{"line":37,"column":null}},"20":{"start":{"line":38,"column":16},"end":{"line":38,"column":null}},"21":{"start":{"line":42,"column":8},"end":{"line":46,"column":null}},"22":{"start":{"line":43,"column":26},"end":{"line":43,"column":39}},"23":{"start":{"line":44,"column":24},"end":{"line":44,"column":56}},"24":{"start":{"line":45,"column":12},"end":{"line":45,"column":null}},"25":{"start":{"line":48,"column":8},"end":{"line":52,"column":null}},"26":{"start":{"line":49,"column":24},"end":{"line":49,"column":55}},"27":{"start":{"line":50,"column":12},"end":{"line":50,"column":null}},"28":{"start":{"line":51,"column":12},"end":{"line":51,"column":null}},"29":{"start":{"line":54,"column":8},"end":{"line":62,"column":null}},"30":{"start":{"line":55,"column":24},"end":{"line":55,"column":null}},"31":{"start":{"line":56,"column":12},"end":{"line":57,"column":null}},"32":{"start":{"line":56,"column":24},"end":{"line":56,"column":27}},"33":{"start":{"line":57,"column":16},"end":{"line":57,"column":null}},"34":{"start":{"line":60,"column":24},"end":{"line":60,"column":56}},"35":{"start":{"line":61,"column":12},"end":{"line":61,"column":null}},"36":{"start":{"line":64,"column":8},"end":{"line":70,"column":null}},"37":{"start":{"line":65,"column":27},"end":{"line":65,"column":null}},"38":{"start":{"line":66,"column":26},"end":{"line":66,"column":52}},"39":{"start":{"line":67,"column":12},"end":{"line":67,"column":null}},"40":{"start":{"line":68,"column":12},"end":{"line":68,"column":null}},"41":{"start":{"line":69,"column":12},"end":{"line":69,"column":null}},"42":{"start":{"line":73,"column":4},"end":{"line":118,"column":null}},"43":{"start":{"line":74,"column":8},"end":{"line":81,"column":null}},"44":{"start":{"line":75,"column":24},"end":{"line":75,"column":null}},"45":{"start":{"line":76,"column":12},"end":{"line":79,"column":null}},"46":{"start":{"line":76,"column":24},"end":{"line":76,"column":27}},"47":{"start":{"line":77,"column":28},"end":{"line":77,"column":60}},"48":{"start":{"line":78,"column":16},"end":{"line":78,"column":null}},"49":{"start":{"line":79,"column":16},"end":{"line":79,"column":null}},"50":{"start":{"line":83,"column":8},"end":{"line":92,"column":null}},"51":{"start":{"line":84,"column":24},"end":{"line":84,"column":37}},"52":{"start":{"line":87,"column":12},"end":{"line":90,"column":null}},"53":{"start":{"line":87,"column":24},"end":{"line":87,"column":27}},"54":{"start":{"line":88,"column":28},"end":{"line":88,"column":60}},"55":{"start":{"line":89,"column":16},"end":{"line":89,"column":null}},"56":{"start":{"line":90,"column":16},"end":{"line":90,"column":null}},"57":{"start":{"line":94,"column":8},"end":{"line":101,"column":null}},"58":{"start":{"line":95,"column":24},"end":{"line":95,"column":37}},"59":{"start":{"line":96,"column":12},"end":{"line":99,"column":null}},"60":{"start":{"line":96,"column":24},"end":{"line":96,"column":27}},"61":{"start":{"line":97,"column":28},"end":{"line":97,"column":60}},"62":{"start":{"line":98,"column":16},"end":{"line":98,"column":null}},"63":{"start":{"line":99,"column":16},"end":{"line":99,"column":null}},"64":{"start":{"line":103,"column":8},"end":{"line":112,"column":null}},"65":{"start":{"line":104,"column":27},"end":{"line":104,"column":null}},"66":{"start":{"line":105,"column":24},"end":{"line":105,"column":null}},"67":{"start":{"line":107,"column":12},"end":{"line":108,"column":null}},"68":{"start":{"line":107,"column":24},"end":{"line":107,"column":27}},"69":{"start":{"line":108,"column":16},"end":{"line":108,"column":null}},"70":{"start":{"line":111,"column":12},"end":{"line":111,"column":null}},"71":{"start":{"line":114,"column":8},"end":{"line":117,"column":null}},"72":{"start":{"line":115,"column":24},"end":{"line":115,"column":55}},"73":{"start":{"line":116,"column":12},"end":{"line":116,"column":null}},"74":{"start":{"line":120,"column":4},"end":{"line":157,"column":null}},"75":{"start":{"line":121,"column":8},"end":{"line":129,"column":null}},"76":{"start":{"line":122,"column":24},"end":{"line":122,"column":null}},"77":{"start":{"line":124,"column":12},"end":{"line":127,"column":null}},"78":{"start":{"line":124,"column":24},"end":{"line":124,"column":27}},"79":{"start":{"line":125,"column":28},"end":{"line":125,"column":60}},"80":{"start":{"line":126,"column":16},"end":{"line":126,"column":null}},"81":{"start":{"line":127,"column":16},"end":{"line":127,"column":null}},"82":{"start":{"line":131,"column":8},"end":{"line":136,"column":null}},"83":{"start":{"line":132,"column":26},"end":{"line":132,"column":39}},"84":{"start":{"line":133,"column":24},"end":{"line":133,"column":56}},"85":{"start":{"line":134,"column":12},"end":{"line":134,"column":null}},"86":{"start":{"line":135,"column":12},"end":{"line":135,"column":null}},"87":{"start":{"line":138,"column":8},"end":{"line":140,"column":null}},"88":{"start":{"line":139,"column":12},"end":{"line":139,"column":null}},"89":{"start":{"line":142,"column":8},"end":{"line":148,"column":null}},"90":{"start":{"line":143,"column":26},"end":{"line":143,"column":39}},"91":{"start":{"line":144,"column":32},"end":{"line":144,"column":null}},"92":{"start":{"line":145,"column":12},"end":{"line":145,"column":null}},"93":{"start":{"line":146,"column":32},"end":{"line":146,"column":null}},"94":{"start":{"line":147,"column":12},"end":{"line":147,"column":null}},"95":{"start":{"line":150,"column":8},"end":{"line":156,"column":null}},"96":{"start":{"line":151,"column":24},"end":{"line":151,"column":null}},"97":{"start":{"line":152,"column":12},"end":{"line":154,"column":null}},"98":{"start":{"line":152,"column":24},"end":{"line":152,"column":27}},"99":{"start":{"line":153,"column":28},"end":{"line":153,"column":60}},"100":{"start":{"line":154,"column":16},"end":{"line":154,"column":null}},"101":{"start":{"line":159,"column":4},"end":{"line":179,"column":null}},"102":{"start":{"line":160,"column":8},"end":{"line":168,"column":null}},"103":{"start":{"line":161,"column":27},"end":{"line":161,"column":null}},"104":{"start":{"line":162,"column":24},"end":{"line":162,"column":null}},"105":{"start":{"line":163,"column":12},"end":{"line":164,"column":null}},"106":{"start":{"line":163,"column":24},"end":{"line":163,"column":27}},"107":{"start":{"line":164,"column":16},"end":{"line":164,"column":null}},"108":{"start":{"line":167,"column":12},"end":{"line":167,"column":null}},"109":{"start":{"line":170,"column":8},"end":{"line":173,"column":null}},"110":{"start":{"line":171,"column":27},"end":{"line":171,"column":null}},"111":{"start":{"line":172,"column":12},"end":{"line":172,"column":null}},"112":{"start":{"line":175,"column":8},"end":{"line":178,"column":null}},"113":{"start":{"line":176,"column":27},"end":{"line":176,"column":null}},"114":{"start":{"line":177,"column":12},"end":{"line":177,"column":null}},"115":{"start":{"line":181,"column":4},"end":{"line":215,"column":null}},"116":{"start":{"line":182,"column":8},"end":{"line":184,"column":null}},"117":{"start":{"line":183,"column":12},"end":{"line":183,"column":null}},"118":{"start":{"line":186,"column":8},"end":{"line":191,"column":null}},"119":{"start":{"line":187,"column":26},"end":{"line":187,"column":null}},"120":{"start":{"line":188,"column":12},"end":{"line":188,"column":null}},"121":{"start":{"line":189,"column":12},"end":{"line":189,"column":null}},"122":{"start":{"line":190,"column":12},"end":{"line":190,"column":null}},"123":{"start":{"line":193,"column":8},"end":{"line":201,"column":null}},"124":{"start":{"line":194,"column":24},"end":{"line":194,"column":null}},"125":{"start":{"line":195,"column":12},"end":{"line":199,"column":null}},"126":{"start":{"line":195,"column":24},"end":{"line":195,"column":27}},"127":{"start":{"line":196,"column":28},"end":{"line":196,"column":60}},"128":{"start":{"line":197,"column":16},"end":{"line":197,"column":null}},"129":{"start":{"line":198,"column":16},"end":{"line":198,"column":null}},"130":{"start":{"line":199,"column":16},"end":{"line":199,"column":null}},"131":{"start":{"line":203,"column":8},"end":{"line":208,"column":null}},"132":{"start":{"line":204,"column":26},"end":{"line":204,"column":39}},"133":{"start":{"line":205,"column":27},"end":{"line":205,"column":48}},"134":{"start":{"line":206,"column":12},"end":{"line":206,"column":null}},"135":{"start":{"line":207,"column":12},"end":{"line":207,"column":null}},"136":{"start":{"line":210,"column":8},"end":{"line":214,"column":null}},"137":{"start":{"line":211,"column":26},"end":{"line":211,"column":39}},"138":{"start":{"line":212,"column":27},"end":{"line":212,"column":59}},"139":{"start":{"line":213,"column":12},"end":{"line":213,"column":null}},"140":{"start":{"line":213,"column":25},"end":{"line":213,"column":67}},"141":{"start":{"line":217,"column":4},"end":{"line":251,"column":null}},"142":{"start":{"line":218,"column":8},"end":{"line":227,"column":null}},"143":{"start":{"line":219,"column":12},"end":{"line":220,"column":null}},"144":{"start":{"line":220,"column":16},"end":{"line":220,"column":null}},"145":{"start":{"line":223,"column":24},"end":{"line":223,"column":37}},"146":{"start":{"line":224,"column":12},"end":{"line":224,"column":null}},"147":{"start":{"line":225,"column":12},"end":{"line":225,"column":null}},"148":{"start":{"line":226,"column":12},"end":{"line":226,"column":null}},"149":{"start":{"line":229,"column":8},"end":{"line":236,"column":null}},"150":{"start":{"line":230,"column":26},"end":{"line":230,"column":39}},"151":{"start":{"line":231,"column":12},"end":{"line":231,"column":null}},"152":{"start":{"line":232,"column":24},"end":{"line":232,"column":56}},"153":{"start":{"line":233,"column":12},"end":{"line":233,"column":null}},"154":{"start":{"line":234,"column":12},"end":{"line":234,"column":null}},"155":{"start":{"line":235,"column":12},"end":{"line":235,"column":null}},"156":{"start":{"line":238,"column":8},"end":{"line":250,"column":null}},"157":{"start":{"line":239,"column":12},"end":{"line":240,"column":null}},"158":{"start":{"line":240,"column":16},"end":{"line":240,"column":null}},"159":{"start":{"line":243,"column":24},"end":{"line":243,"column":37}},"160":{"start":{"line":244,"column":12},"end":{"line":248,"column":null}},"161":{"start":{"line":244,"column":24},"end":{"line":244,"column":27}},"162":{"start":{"line":245,"column":16},"end":{"line":245,"column":null}},"163":{"start":{"line":246,"column":28},"end":{"line":246,"column":60}},"164":{"start":{"line":247,"column":16},"end":{"line":247,"column":null}},"165":{"start":{"line":248,"column":16},"end":{"line":248,"column":null}},"166":{"start":{"line":253,"column":4},"end":{"line":265,"column":null}},"167":{"start":{"line":254,"column":8},"end":{"line":264,"column":null}},"168":{"start":{"line":255,"column":27},"end":{"line":255,"column":null}},"169":{"start":{"line":256,"column":26},"end":{"line":256,"column":43}},"170":{"start":{"line":257,"column":24},"end":{"line":257,"column":null}},"171":{"start":{"line":259,"column":12},"end":{"line":260,"column":null}},"172":{"start":{"line":259,"column":24},"end":{"line":259,"column":27}},"173":{"start":{"line":260,"column":16},"end":{"line":260,"column":null}},"174":{"start":{"line":263,"column":12},"end":{"line":263,"column":null}}},"fnMap":{"0":{"name":"(anonymous_0)","decl":{"start":{"line":8,"column":13},"end":{"line":8,"column":null}},"loc":{"start":{"line":11,"column":5},"end":{"line":265,"column":null}},"line":11},"1":{"name":"(anonymous_1)","decl":{"start":{"line":14,"column":4},"end":{"line":14,"column":21}},"loc":{"start":{"line":14,"column":21},"end":{"line":17,"column":null}},"line":14},"2":{"name":"(anonymous_2)","decl":{"start":{"line":19,"column":4},"end":{"line":19,"column":20}},"loc":{"start":{"line":19,"column":20},"end":{"line":21,"column":null}},"line":19},"3":{"name":"(anonymous_3)","decl":{"start":{"line":24,"column":10},"end":{"line":24,"column":21}},"loc":{"start":{"line":24,"column":58},"end":{"line":28,"column":null}},"line":24},"4":{"name":"(anonymous_4)","decl":{"start":{"line":31,"column":13},"end":{"line":31,"column":38}},"loc":{"start":{"line":31,"column":38},"end":{"line":71,"column":null}},"line":31},"5":{"name":"(anonymous_5)","decl":{"start":{"line":32,"column":11},"end":{"line":32,"column":48}},"loc":{"start":{"line":32,"column":48},"end":{"line":40,"column":null}},"line":32},"6":{"name":"(anonymous_6)","decl":{"start":{"line":42,"column":11},"end":{"line":42,"column":47}},"loc":{"start":{"line":42,"column":47},"end":{"line":46,"column":null}},"line":42},"7":{"name":"(anonymous_7)","decl":{"start":{"line":48,"column":11},"end":{"line":48,"column":56}},"loc":{"start":{"line":48,"column":56},"end":{"line":52,"column":null}},"line":48},"8":{"name":"(anonymous_8)","decl":{"start":{"line":54,"column":11},"end":{"line":54,"column":70}},"loc":{"start":{"line":54,"column":70},"end":{"line":62,"column":null}},"line":54},"9":{"name":"(anonymous_9)","decl":{"start":{"line":64,"column":11},"end":{"line":64,"column":49}},"loc":{"start":{"line":64,"column":49},"end":{"line":70,"column":null}},"line":64},"10":{"name":"(anonymous_10)","decl":{"start":{"line":73,"column":13},"end":{"line":73,"column":41}},"loc":{"start":{"line":73,"column":41},"end":{"line":118,"column":null}},"line":73},"11":{"name":"(anonymous_11)","decl":{"start":{"line":74,"column":11},"end":{"line":74,"column":51}},"loc":{"start":{"line":74,"column":51},"end":{"line":81,"column":null}},"line":74},"12":{"name":"(anonymous_12)","decl":{"start":{"line":83,"column":11},"end":{"line":83,"column":50}},"loc":{"start":{"line":83,"column":50},"end":{"line":92,"column":null}},"line":83},"13":{"name":"(anonymous_13)","decl":{"start":{"line":94,"column":11},"end":{"line":94,"column":64}},"loc":{"start":{"line":94,"column":64},"end":{"line":101,"column":null}},"line":94},"14":{"name":"(anonymous_14)","decl":{"start":{"line":103,"column":11},"end":{"line":103,"column":53}},"loc":{"start":{"line":103,"column":53},"end":{"line":112,"column":null}},"line":103},"15":{"name":"(anonymous_15)","decl":{"start":{"line":114,"column":11},"end":{"line":114,"column":61}},"loc":{"start":{"line":114,"column":61},"end":{"line":117,"column":null}},"line":114},"16":{"name":"(anonymous_16)","decl":{"start":{"line":120,"column":13},"end":{"line":120,"column":46}},"loc":{"start":{"line":120,"column":46},"end":{"line":157,"column":null}},"line":120},"17":{"name":"(anonymous_17)","decl":{"start":{"line":121,"column":11},"end":{"line":121,"column":57}},"loc":{"start":{"line":121,"column":57},"end":{"line":129,"column":null}},"line":121},"18":{"name":"(anonymous_18)","decl":{"start":{"line":131,"column":11},"end":{"line":131,"column":68}},"loc":{"start":{"line":131,"column":68},"end":{"line":136,"column":null}},"line":131},"19":{"name":"(anonymous_19)","decl":{"start":{"line":138,"column":11},"end":{"line":138,"column":61}},"loc":{"start":{"line":138,"column":61},"end":{"line":140,"column":null}},"line":138},"20":{"name":"(anonymous_20)","decl":{"start":{"line":142,"column":11},"end":{"line":142,"column":58}},"loc":{"start":{"line":142,"column":58},"end":{"line":148,"column":null}},"line":142},"21":{"name":"(anonymous_21)","decl":{"start":{"line":150,"column":11},"end":{"line":150,"column":47}},"loc":{"start":{"line":150,"column":47},"end":{"line":156,"column":null}},"line":150},"22":{"name":"(anonymous_22)","decl":{"start":{"line":159,"column":13},"end":{"line":159,"column":29}},"loc":{"start":{"line":159,"column":29},"end":{"line":179,"column":null}},"line":159},"23":{"name":"(anonymous_23)","decl":{"start":{"line":160,"column":11},"end":{"line":160,"column":40}},"loc":{"start":{"line":160,"column":40},"end":{"line":168,"column":null}},"line":160},"24":{"name":"(anonymous_24)","decl":{"start":{"line":170,"column":11},"end":{"line":170,"column":67}},"loc":{"start":{"line":170,"column":67},"end":{"line":173,"column":null}},"line":170},"25":{"name":"(anonymous_25)","decl":{"start":{"line":175,"column":11},"end":{"line":175,"column":67}},"loc":{"start":{"line":175,"column":67},"end":{"line":178,"column":null}},"line":175},"26":{"name":"(anonymous_26)","decl":{"start":{"line":181,"column":13},"end":{"line":181,"column":39}},"loc":{"start":{"line":181,"column":39},"end":{"line":215,"column":null}},"line":181},"27":{"name":"(anonymous_27)","decl":{"start":{"line":182,"column":11},"end":{"line":182,"column":56}},"loc":{"start":{"line":182,"column":56},"end":{"line":184,"column":null}},"line":182},"28":{"name":"(anonymous_28)","decl":{"start":{"line":186,"column":11},"end":{"line":186,"column":44}},"loc":{"start":{"line":186,"column":44},"end":{"line":191,"column":null}},"line":186},"29":{"name":"(anonymous_29)","decl":{"start":{"line":193,"column":11},"end":{"line":193,"column":54}},"loc":{"start":{"line":193,"column":54},"end":{"line":201,"column":null}},"line":193},"30":{"name":"(anonymous_30)","decl":{"start":{"line":203,"column":11},"end":{"line":203,"column":58}},"loc":{"start":{"line":203,"column":58},"end":{"line":208,"column":null}},"line":203},"31":{"name":"(anonymous_31)","decl":{"start":{"line":210,"column":11},"end":{"line":210,"column":66}},"loc":{"start":{"line":210,"column":66},"end":{"line":214,"column":null}},"line":210},"32":{"name":"(anonymous_32)","decl":{"start":{"line":213,"column":12},"end":{"line":213,"column":25}},"loc":{"start":{"line":213,"column":25},"end":{"line":213,"column":67}},"line":213},"33":{"name":"(anonymous_33)","decl":{"start":{"line":217,"column":13},"end":{"line":217,"column":39}},"loc":{"start":{"line":217,"column":39},"end":{"line":251,"column":null}},"line":217},"34":{"name":"(anonymous_34)","decl":{"start":{"line":218,"column":11},"end":{"line":218,"column":57}},"loc":{"start":{"line":218,"column":57},"end":{"line":227,"column":null}},"line":218},"35":{"name":"(anonymous_35)","decl":{"start":{"line":229,"column":11},"end":{"line":229,"column":52}},"loc":{"start":{"line":229,"column":52},"end":{"line":236,"column":null}},"line":229},"36":{"name":"(anonymous_36)","decl":{"start":{"line":238,"column":11},"end":{"line":238,"column":61}},"loc":{"start":{"line":238,"column":61},"end":{"line":250,"column":null}},"line":238},"37":{"name":"(anonymous_37)","decl":{"start":{"line":253,"column":13},"end":{"line":253,"column":34}},"loc":{"start":{"line":253,"column":34},"end":{"line":265,"column":null}},"line":253},"38":{"name":"(anonymous_38)","decl":{"start":{"line":254,"column":11},"end":{"line":254,"column":69}},"loc":{"start":{"line":254,"column":69},"end":{"line":264,"column":null}},"line":254}},"branchMap":{"0":{"loc":{"start":{"line":10,"column":4},"end":{"line":10,"column":50}},"type":"default-arg","locations":[{"start":{"line":10,"column":48},"end":{"line":10,"column":50}}],"line":10},"1":{"loc":{"start":{"line":24,"column":33},"end":{"line":24,"column":58}},"type":"default-arg","locations":[{"start":{"line":24,"column":42},"end":{"line":24,"column":58}}],"line":24},"2":{"loc":{"start":{"line":219,"column":12},"end":{"line":220,"column":null}},"type":"if","locations":[{"start":{"line":219,"column":12},"end":{"line":220,"column":null}},{"start":{},"end":{}}],"line":219},"3":{"loc":{"start":{"line":239,"column":12},"end":{"line":240,"column":null}},"type":"if","locations":[{"start":{"line":239,"column":12},"end":{"line":240,"column":null}},{"start":{},"end":{}}],"line":239}},"s":{"0":4,"1":4,"2":4,"3":4,"4":144,"5":144,"6":4,"7":144,"8":4,"9":38,"10":38,"11":190,"12":38,"13":4,"14":4,"15":4,"16":4,"17":4,"18":20,"19":20,"20":20,"21":4,"22":4,"23":4,"24":4,"25":4,"26":4,"27":4,"28":4,"29":4,"30":4,"31":4,"32":4,"33":20,"34":4,"35":4,"36":4,"37":4,"38":4,"39":4,"40":4,"41":4,"42":4,"43":4,"44":4,"45":4,"46":4,"47":20,"48":20,"49":20,"50":4,"51":4,"52":4,"53":4,"54":20,"55":20,"56":20,"57":4,"58":4,"59":4,"60":4,"61":12,"62":12,"63":12,"64":4,"65":4,"66":4,"67":4,"68":4,"69":24,"70":4,"71":4,"72":4,"73":4,"74":4,"75":4,"76":4,"77":4,"78":4,"79":20,"80":20,"81":20,"82":4,"83":4,"84":4,"85":4,"86":4,"87":4,"88":4,"89":4,"90":4,"91":4,"92":4,"93":4,"94":4,"95":4,"96":4,"97":4,"98":4,"99":24,"100":24,"101":4,"102":4,"103":4,"104":4,"105":4,"106":4,"107":12,"108":4,"109":4,"110":4,"111":4,"112":4,"113":4,"114":4,"115":4,"116":4,"117":4,"118":4,"119":4,"120":4,"121":4,"122":4,"123":4,"124":4,"125":4,"126":4,"127":20,"128":20,"129":20,"130":20,"131":4,"132":4,"133":4,"134":4,"135":4,"136":4,"137":4,"138":4,"139":4,"140":4,"141":4,"142":4,"143":4,"144":1,"145":3,"146":3,"147":3,"148":3,"149":4,"150":4,"151":4,"152":4,"153":4,"154":4,"155":4,"156":4,"157":4,"158":1,"159":3,"160":3,"161":3,"162":9,"163":9,"164":9,"165":9,"166":4,"167":4,"168":4,"169":4,"170":4,"171":4,"172":4,"173":4000,"174":4},"f":{"0":4,"1":144,"2":144,"3":38,"4":4,"5":4,"6":4,"7":4,"8":4,"9":4,"10":4,"11":4,"12":4,"13":4,"14":4,"15":4,"16":4,"17":4,"18":4,"19":4,"20":4,"21":4,"22":4,"23":4,"24":4,"25":4,"26":4,"27":4,"28":4,"29":4,"30":4,"31":4,"32":4,"33":4,"34":4,"35":4,"36":4,"37":4,"38":4},"b":{"0":[4],"1":[38],"2":[1,3],"3":[1,3]},"meta":{"lastBranch":4,"lastFunction":39,"lastStatement":175,"seen":{"s:5:18:5:Infinity":0,"s:6:20:6:Infinity":1,"s:8:13:265:Infinity":2,"f:8:13:8:Infinity":0,"b:10:48:10:50":0,"s:14:4:17:Infinity":3,"f:14:4:14:21":1,"s:15:8:15:Infinity":4,"s:16:8:16:Infinity":5,"s:19:4:21:Infinity":6,"f:19:4:19:20":2,"s:20:8:20:Infinity":7,"s:24:10:28:Infinity":8,"f:24:10:24:21":3,"b:24:42:24:58":1,"s:25:8:26:Infinity":9,"s:25:20:25:23":10,"s:26:12:26:Infinity":11,"s:28:8:28:Infinity":12,"s:31:4:71:Infinity":13,"f:31:13:31:38":4,"s:32:8:40:Infinity":14,"f:32:11:32:48":5,"s:33:24:33:Infinity":15,"s:35:12:38:Infinity":16,"s:35:24:35:27":17,"s:36:28:36:60":18,"s:37:16:37:Infinity":19,"s:38:16:38:Infinity":20,"s:42:8:46:Infinity":21,"f:42:11:42:47":6,"s:43:26:43:39":22,"s:44:24:44:56":23,"s:45:12:45:Infinity":24,"s:48:8:52:Infinity":25,"f:48:11:48:56":7,"s:49:24:49:55":26,"s:50:12:50:Infinity":27,"s:51:12:51:Infinity":28,"s:54:8:62:Infinity":29,"f:54:11:54:70":8,"s:55:24:55:Infinity":30,"s:56:12:57:Infinity":31,"s:56:24:56:27":32,"s:57:16:57:Infinity":33,"s:60:24:60:56":34,"s:61:12:61:Infinity":35,"s:64:8:70:Infinity":36,"f:64:11:64:49":9,"s:65:27:65:Infinity":37,"s:66:26:66:52":38,"s:67:12:67:Infinity":39,"s:68:12:68:Infinity":40,"s:69:12:69:Infinity":41,"s:73:4:118:Infinity":42,"f:73:13:73:41":10,"s:74:8:81:Infinity":43,"f:74:11:74:51":11,"s:75:24:75:Infinity":44,"s:76:12:79:Infinity":45,"s:76:24:76:27":46,"s:77:28:77:60":47,"s:78:16:78:Infinity":48,"s:79:16:79:Infinity":49,"s:83:8:92:Infinity":50,"f:83:11:83:50":12,"s:84:24:84:37":51,"s:87:12:90:Infinity":52,"s:87:24:87:27":53,"s:88:28:88:60":54,"s:89:16:89:Infinity":55,"s:90:16:90:Infinity":56,"s:94:8:101:Infinity":57,"f:94:11:94:64":13,"s:95:24:95:37":58,"s:96:12:99:Infinity":59,"s:96:24:96:27":60,"s:97:28:97:60":61,"s:98:16:98:Infinity":62,"s:99:16:99:Infinity":63,"s:103:8:112:Infinity":64,"f:103:11:103:53":14,"s:104:27:104:Infinity":65,"s:105:24:105:Infinity":66,"s:107:12:108:Infinity":67,"s:107:24:107:27":68,"s:108:16:108:Infinity":69,"s:111:12:111:Infinity":70,"s:114:8:117:Infinity":71,"f:114:11:114:61":15,"s:115:24:115:55":72,"s:116:12:116:Infinity":73,"s:120:4:157:Infinity":74,"f:120:13:120:46":16,"s:121:8:129:Infinity":75,"f:121:11:121:57":17,"s:122:24:122:Infinity":76,"s:124:12:127:Infinity":77,"s:124:24:124:27":78,"s:125:28:125:60":79,"s:126:16:126:Infinity":80,"s:127:16:127:Infinity":81,"s:131:8:136:Infinity":82,"f:131:11:131:68":18,"s:132:26:132:39":83,"s:133:24:133:56":84,"s:134:12:134:Infinity":85,"s:135:12:135:Infinity":86,"s:138:8:140:Infinity":87,"f:138:11:138:61":19,"s:139:12:139:Infinity":88,"s:142:8:148:Infinity":89,"f:142:11:142:58":20,"s:143:26:143:39":90,"s:144:32:144:Infinity":91,"s:145:12:145:Infinity":92,"s:146:32:146:Infinity":93,"s:147:12:147:Infinity":94,"s:150:8:156:Infinity":95,"f:150:11:150:47":21,"s:151:24:151:Infinity":96,"s:152:12:154:Infinity":97,"s:152:24:152:27":98,"s:153:28:153:60":99,"s:154:16:154:Infinity":100,"s:159:4:179:Infinity":101,"f:159:13:159:29":22,"s:160:8:168:Infinity":102,"f:160:11:160:40":23,"s:161:27:161:Infinity":103,"s:162:24:162:Infinity":104,"s:163:12:164:Infinity":105,"s:163:24:163:27":106,"s:164:16:164:Infinity":107,"s:167:12:167:Infinity":108,"s:170:8:173:Infinity":109,"f:170:11:170:67":24,"s:171:27:171:Infinity":110,"s:172:12:172:Infinity":111,"s:175:8:178:Infinity":112,"f:175:11:175:67":25,"s:176:27:176:Infinity":113,"s:177:12:177:Infinity":114,"s:181:4:215:Infinity":115,"f:181:13:181:39":26,"s:182:8:184:Infinity":116,"f:182:11:182:56":27,"s:183:12:183:Infinity":117,"s:186:8:191:Infinity":118,"f:186:11:186:44":28,"s:187:26:187:Infinity":119,"s:188:12:188:Infinity":120,"s:189:12:189:Infinity":121,"s:190:12:190:Infinity":122,"s:193:8:201:Infinity":123,"f:193:11:193:54":29,"s:194:24:194:Infinity":124,"s:195:12:199:Infinity":125,"s:195:24:195:27":126,"s:196:28:196:60":127,"s:197:16:197:Infinity":128,"s:198:16:198:Infinity":129,"s:199:16:199:Infinity":130,"s:203:8:208:Infinity":131,"f:203:11:203:58":30,"s:204:26:204:39":132,"s:205:27:205:48":133,"s:206:12:206:Infinity":134,"s:207:12:207:Infinity":135,"s:210:8:214:Infinity":136,"f:210:11:210:66":31,"s:211:26:211:39":137,"s:212:27:212:59":138,"s:213:12:213:Infinity":139,"f:213:12:213:25":32,"s:213:25:213:67":140,"s:217:4:251:Infinity":141,"f:217:13:217:39":33,"s:218:8:227:Infinity":142,"f:218:11:218:57":34,"b:219:12:220:Infinity:undefined:undefined:undefined:undefined":2,"s:219:12:220:Infinity":143,"s:220:16:220:Infinity":144,"s:223:24:223:37":145,"s:224:12:224:Infinity":146,"s:225:12:225:Infinity":147,"s:226:12:226:Infinity":148,"s:229:8:236:Infinity":149,"f:229:11:229:52":35,"s:230:26:230:39":150,"s:231:12:231:Infinity":151,"s:232:24:232:56":152,"s:233:12:233:Infinity":153,"s:234:12:234:Infinity":154,"s:235:12:235:Infinity":155,"s:238:8:250:Infinity":156,"f:238:11:238:61":36,"b:239:12:240:Infinity:undefined:undefined:undefined:undefined":3,"s:239:12:240:Infinity":157,"s:240:16:240:Infinity":158,"s:243:24:243:37":159,"s:244:12:248:Infinity":160,"s:244:24:244:27":161,"s:245:16:245:Infinity":162,"s:246:28:246:60":163,"s:247:16:247:Infinity":164,"s:248:16:248:Infinity":165,"s:253:4:265:Infinity":166,"f:253:13:253:34":37,"s:254:8:264:Infinity":167,"f:254:11:254:69":38,"s:255:27:255:Infinity":168,"s:256:26:256:43":169,"s:257:24:257:Infinity":170,"s:259:12:260:Infinity":171,"s:259:24:259:27":172,"s:260:16:260:Infinity":173,"s:263:12:263:Infinity":174}}}
,"C:\\Users\\ASUS\\Downloads\\RateLimiter\\rate-limiter\\src\\tests\\utils\\mockTime.ts": {"path":"C:\\Users\\ASUS\\Downloads\\RateLimiter\\rate-limiter\\src\\tests\\utils\\mockTime.ts","statementMap":{"0":{"start":{"line":3,"column":13},"end":{"line":5,"column":null}},"1":{"start":{"line":4,"column":4},"end":{"line":4,"column":null}},"2":{"start":{"line":5,"column":4},"end":{"line":5,"column":null}},"3":{"start":{"line":8,"column":13},"end":{"line":9,"column":null}},"4":{"start":{"line":9,"column":4},"end":{"line":9,"column":null}},"5":{"start":{"line":12,"column":13},"end":{"line":13,"column":null}},"6":{"start":{"line":13,"column":4},"end":{"line":13,"column":null}},"7":{"start":{"line":16,"column":13},"end":{"line":17,"column":null}},"8":{"start":{"line":17,"column":4},"end":{"line":17,"column":null}}},"fnMap":{"0":{"name":"(anonymous_0)","decl":{"start":{"line":3,"column":13},"end":{"line":3,"column":30}},"loc":{"start":{"line":3,"column":44},"end":{"line":5,"column":null}},"line":3},"1":{"name":"(anonymous_1)","decl":{"start":{"line":8,"column":13},"end":{"line":8,"column":28}},"loc":{"start":{"line":8,"column":43},"end":{"line":9,"column":null}},"line":8},"2":{"name":"(anonymous_2)","decl":{"start":{"line":12,"column":13},"end":{"line":12,"column":24}},"loc":{"start":{"line":12,"column":39},"end":{"line":13,"column":null}},"line":12},"3":{"name":"(anonymous_3)","decl":{"start":{"line":16,"column":13},"end":{"line":16,"column":31}},"loc":{"start":{"line":16,"column":31},"end":{"line":17,"column":null}},"line":16}},"branchMap":{"0":{"loc":{"start":{"line":3,"column":30},"end":{"line":3,"column":44}},"type":"default-arg","locations":[{"start":{"line":3,"column":38},"end":{"line":3,"column":44}}],"line":3}},"s":{"0":4,"1":181,"2":181,"3":4,"4":59,"5":4,"6":0,"7":4,"8":180},"f":{"0":181,"1":59,"2":0,"3":180},"b":{"0":[181]},"meta":{"lastBranch":1,"lastFunction":4,"lastStatement":9,"seen":{"s:3:13:5:Infinity":0,"f:3:13:3:30":0,"b:3:38:3:44":0,"s:4:4:4:Infinity":1,"s:5:4:5:Infinity":2,"s:8:13:9:Infinity":3,"f:8:13:8:28":1,"s:9:4:9:Infinity":4,"s:12:13:13:Infinity":5,"f:12:13:12:24":2,"s:13:4:13:Infinity":6,"s:16:13:17:Infinity":7,"f:16:13:16:31":3,"s:17:4:17:Infinity":8}}}
}
